<?xml version="1.0" encoding="UTF-8"?>
<!-- Generated by org.testng.reporters.JUnitReportReporter -->
<testsuite hostname="LAPTOP-MGTREQ7R" failures="0" tests="2" name="testscript.AdminUsersTest" time="30.190" errors="0" timestamp="2025-12-09T12:24:28 IST" skipped="0">
  <testcase classname="testscript.AdminUsersTest" name="verifyUserIsAbleToEnterAdminUserInformations" time="13.448"/>
  <testcase classname="testscript.AdminUsersTest" name="verifyUserIsAbleToEnterAdminUserInformations" time="16.742"/>
</testsuite> <!-- testscript.AdminUsersTest -->
