<?xml version="1.0" encoding="UTF-8"?>
<!-- Generated by org.testng.reporters.JUnitReportReporter -->
<testsuite hostname="LAPTOP-MGTREQ7R" failures="0" tests="4" name="testscript.LoginTest" time="18.096" errors="0" timestamp="2025-12-09T13:41:25 IST" skipped="0">
  <testcase classname="testscript.LoginTest" name="verifyUserIsAbleToLoginUsingIncorrectUsernameAndIncorrectPassword" time="5.034"/>
  <testcase classname="testscript.LoginTest" name="verifyUserIsAbleToLoginUsingCorrectUsernameAndIncorrectPassword" time="4.056"/>
  <testcase classname="testscript.LoginTest" name="verifyUserIsAbleToLoginUsingValidCredentials" time="4.865"/>
  <testcase classname="testscript.LoginTest" name="verifyUserIsAbleToLoginUsingIncorrectUsernameAndcorrectPassword" time="4.141"/>
</testsuite> <!-- testscript.LoginTest -->
