<?xml version="1.0" encoding="UTF-8"?>
<!-- Generated by org.testng.reporters.JUnitXMLReporter -->
<testsuite ignored="0" hostname="LAPTOP-MGTREQ7R" failures="0" tests="10" name="Test" time="86.697" errors="0" timestamp="2025-12-10T09:38:42 IST">
  <testcase classname="testscript.ManageCategoryTest" name="verifyUserIsAbleToAccessCategoryInformations" time="5.329"/>
  <testcase classname="testscript.AdminUsersTest" name="verifyUserIsAbleToEnterAdminUserInformations" time="3.559"/>
  <testcase classname="testscript.ManageContactTest" name="verifyUserIsAbleToAccessManageContactPage" time="4.61"/>
  <testcase classname="testscript.ManageNewsTest" name="verifyTheUserIsAbleToEnterTheManageNews" time="2.806"/>
  <testcase classname="testscript.ManageFooterTextTest" name="verifyUserIsAbleToAccessFooterTextInformations" time="2.971"/>
  <testcase classname="testscript.LoginTest" name="verifyUserIsAbleToLoginUsingCorrectUsernameAndIncorrectPassword" time="0.883"/>
  <testcase classname="testscript.LoginTest" name="verifyUserIsAbleToLoginUsingIncorrectUsernameAndIncorrectPassword" time="0.857"/>
  <testcase classname="testscript.LoginTest" name="verifyUserIsAbleToLoginUsingIncorrectUsernameAndcorrectPassword" time="0.748"/>
  <testcase classname="testscript.LoginTest" name="verifyUserIsAbleToLoginUsingValidCredentials" time="1.686"/>
  <testcase classname="testscript.LogoutTest" name="verifyUserIsAbleToLogout" time="2.927"/>
</testsuite> <!-- Test -->
