<?xml version="1.0" encoding="UTF-8"?>
<!-- Generated by org.testng.reporters.JUnitXMLReporter -->
<testsuite ignored="0" hostname="LAPTOP-MGTREQ7R" failures="1" tests="10" name="Test" time="63.639" errors="0" timestamp="2025-12-09T13:41:25 IST">
  <testcase classname="testscript.ManageCategoryTest" name="verifyUserIsAbleToAccessCategoryInformations" time="3.852">
    <failure type="java.lang.AssertionError" message="expected [true] but found [false]">
      <![CDATA[java.lang.AssertionError: expected [true] but found [false]
at testscript.ManageCategoryTest.verifyUserIsAbleToAccessCategoryInformations(ManageCategoryTest.java:31)
at java.base/java.util.ArrayList.forEach(ArrayList.java:1596)
... Removed 29 stack frames]]>
    </failure>
  </testcase> <!-- verifyUserIsAbleToAccessCategoryInformations -->
  <testcase classname="testscript.AdminUsersTest" name="verifyUserIsAbleToEnterAdminUserInformations" time="2.755"/>
  <testcase classname="testscript.ManageContactTest" name="verifyUserIsAbleToAccessManageContactPage" time="4.447"/>
  <testcase classname="testscript.ManageNewsTest" name="verifyTheUserIsAbleToEnterTheManageNews" time="2.675"/>
  <testcase classname="testscript.ManageFooterTextTest" name="verifyUserIsAbleToAccessFooterTextInformations" time="3.125"/>
  <testcase classname="testscript.LoginTest" name="verifyUserIsAbleToLoginUsingCorrectUsernameAndIncorrectPassword" time="0.761"/>
  <testcase classname="testscript.LoginTest" name="verifyUserIsAbleToLoginUsingIncorrectUsernameAndIncorrectPassword" time="0.957"/>
  <testcase classname="testscript.LoginTest" name="verifyUserIsAbleToLoginUsingIncorrectUsernameAndcorrectPassword" time="0.764"/>
  <testcase classname="testscript.LoginTest" name="verifyUserIsAbleToLoginUsingValidCredentials" time="1.938"/>
  <testcase classname="testscript.LogoutTest" name="verifyUserIsAbleToLogout" time="2.726"/>
</testsuite> <!-- Test -->
