<?xml version="1.0" encoding="UTF-8"?>
<testng-results ignored="0" total="10" passed="9" failed="1" skipped="0">
  <reporter-output>
  </reporter-output>
  <suite started-at="2025-12-09T13:40:20 IST" name="Suite" finished-at="2025-12-09T13:41:24 IST" duration-ms="63639">
    <groups>
    </groups>
    <test started-at="2025-12-09T13:40:20 IST" name="Test" finished-at="2025-12-09T13:41:24 IST" duration-ms="63639">
      <class name="testscript.ManageNewsTest">
        <test-method is-config="true" signature="browserInitialization(java.lang.String)[pri:0, instance:testscript.ManageNewsTest@1a5a4e19]" started-at="2025-12-09T13:40:47 IST" name="browserInitialization" finished-at="2025-12-09T13:40:51 IST" duration-ms="3671" status="PASS">
          <params>
            <param index="0">
              <value>
                <![CDATA[Chrome]]>
              </value>
            </param>
          </params>
          <reporter-output>
          </reporter-output>
        </test-method> <!-- browserInitialization -->
        <test-method signature="verifyTheUserIsAbleToEnterTheManageNews()[pri:0, instance:testscript.ManageNewsTest@1a5a4e19]" started-at="2025-12-09T13:40:51 IST" name="verifyTheUserIsAbleToEnterTheManageNews" finished-at="2025-12-09T13:40:53 IST" duration-ms="2675" status="PASS">
          <reporter-output>
          </reporter-output>
        </test-method> <!-- verifyTheUserIsAbleToEnterTheManageNews -->
        <test-method is-config="true" signature="browserQuitAndClose(org.testng.ITestResult)[pri:0, instance:testscript.ManageNewsTest@1a5a4e19]" started-at="2025-12-09T13:40:53 IST" name="browserQuitAndClose" finished-at="2025-12-09T13:40:53 IST" duration-ms="1" status="PASS">
          <params>
            <param index="0">
              <value>
                <![CDATA[[TestResult name=verifyTheUserIsAbleToEnterTheManageNews status=SUCCESS method=ManageNewsTest.verifyTheUserIsAbleToEnterTheManageNews()[pri:0, instance:testscript.ManageNewsTest@1a5a4e19] output={null}]]]>
              </value>
            </param>
          </params>
          <reporter-output>
          </reporter-output>
        </test-method> <!-- browserQuitAndClose -->
      </class> <!-- testscript.ManageNewsTest -->
      <class name="testscript.ManageContactTest">
        <test-method is-config="true" signature="browserInitialization(java.lang.String)[pri:0, instance:testscript.ManageContactTest@4ee203eb]" started-at="2025-12-09T13:40:39 IST" name="browserInitialization" finished-at="2025-12-09T13:40:43 IST" duration-ms="3467" status="PASS">
          <params>
            <param index="0">
              <value>
                <![CDATA[Chrome]]>
              </value>
            </param>
          </params>
          <reporter-output>
          </reporter-output>
        </test-method> <!-- browserInitialization -->
        <test-method signature="verifyUserIsAbleToAccessManageContactPage()[pri:0, instance:testscript.ManageContactTest@4ee203eb]" started-at="2025-12-09T13:40:43 IST" name="verifyUserIsAbleToAccessManageContactPage" finished-at="2025-12-09T13:40:47 IST" duration-ms="4447" status="PASS">
          <reporter-output>
          </reporter-output>
        </test-method> <!-- verifyUserIsAbleToAccessManageContactPage -->
        <test-method is-config="true" signature="browserQuitAndClose(org.testng.ITestResult)[pri:0, instance:testscript.ManageContactTest@4ee203eb]" started-at="2025-12-09T13:40:47 IST" name="browserQuitAndClose" finished-at="2025-12-09T13:40:47 IST" duration-ms="0" status="PASS">
          <params>
            <param index="0">
              <value>
                <![CDATA[[TestResult name=verifyUserIsAbleToAccessManageContactPage status=SUCCESS method=ManageContactTest.verifyUserIsAbleToAccessManageContactPage()[pri:0, instance:testscript.ManageContactTest@4ee203eb] output={null}]]]>
              </value>
            </param>
          </params>
          <reporter-output>
          </reporter-output>
        </test-method> <!-- browserQuitAndClose -->
      </class> <!-- testscript.ManageContactTest -->
      <class name="testscript.ManageFooterTextTest">
        <test-method is-config="true" signature="browserInitialization(java.lang.String)[pri:0, instance:testscript.ManageFooterTextTest@7068e664]" started-at="2025-12-09T13:40:53 IST" name="browserInitialization" finished-at="2025-12-09T13:40:57 IST" duration-ms="3320" status="PASS">
          <params>
            <param index="0">
              <value>
                <![CDATA[Chrome]]>
              </value>
            </param>
          </params>
          <reporter-output>
          </reporter-output>
        </test-method> <!-- browserInitialization -->
        <test-method signature="verifyUserIsAbleToAccessFooterTextInformations()[pri:0, instance:testscript.ManageFooterTextTest@7068e664]" started-at="2025-12-09T13:40:57 IST" name="verifyUserIsAbleToAccessFooterTextInformations" finished-at="2025-12-09T13:41:00 IST" duration-ms="3125" status="PASS">
          <reporter-output>
          </reporter-output>
        </test-method> <!-- verifyUserIsAbleToAccessFooterTextInformations -->
        <test-method is-config="true" signature="browserQuitAndClose(org.testng.ITestResult)[pri:0, instance:testscript.ManageFooterTextTest@7068e664]" started-at="2025-12-09T13:41:00 IST" name="browserQuitAndClose" finished-at="2025-12-09T13:41:00 IST" duration-ms="4" status="PASS">
          <params>
            <param index="0">
              <value>
                <![CDATA[[TestResult name=verifyUserIsAbleToAccessFooterTextInformations status=SUCCESS method=ManageFooterTextTest.verifyUserIsAbleToAccessFooterTextInformations()[pri:0, instance:testscript.ManageFooterTextTest@7068e664] output={null}]]]>
              </value>
            </param>
          </params>
          <reporter-output>
          </reporter-output>
        </test-method> <!-- browserQuitAndClose -->
      </class> <!-- testscript.ManageFooterTextTest -->
      <class name="testscript.AdminUsersTest">
        <test-method is-config="true" signature="browserInitialization(java.lang.String)[pri:0, instance:testscript.AdminUsersTest@461ad730]" started-at="2025-12-09T13:40:33 IST" name="browserInitialization" finished-at="2025-12-09T13:40:36 IST" duration-ms="3523" status="PASS">
          <params>
            <param index="0">
              <value>
                <![CDATA[Chrome]]>
              </value>
            </param>
          </params>
          <reporter-output>
          </reporter-output>
        </test-method> <!-- browserInitialization -->
        <test-method signature="verifyUserIsAbleToEnterAdminUserInformations()[pri:0, instance:testscript.AdminUsersTest@461ad730]" started-at="2025-12-09T13:40:36 IST" name="verifyUserIsAbleToEnterAdminUserInformations" finished-at="2025-12-09T13:40:39 IST" duration-ms="2755" status="PASS">
          <reporter-output>
          </reporter-output>
        </test-method> <!-- verifyUserIsAbleToEnterAdminUserInformations -->
        <test-method is-config="true" signature="browserQuitAndClose(org.testng.ITestResult)[pri:0, instance:testscript.AdminUsersTest@461ad730]" started-at="2025-12-09T13:40:39 IST" name="browserQuitAndClose" finished-at="2025-12-09T13:40:39 IST" duration-ms="1" status="PASS">
          <params>
            <param index="0">
              <value>
                <![CDATA[[TestResult name=verifyUserIsAbleToEnterAdminUserInformations status=SUCCESS method=AdminUsersTest.verifyUserIsAbleToEnterAdminUserInformations()[pri:0, instance:testscript.AdminUsersTest@461ad730] output={null}]]]>
              </value>
            </param>
          </params>
          <reporter-output>
          </reporter-output>
        </test-method> <!-- browserQuitAndClose -->
      </class> <!-- testscript.AdminUsersTest -->
      <class name="testscript.LogoutTest">
        <test-method is-config="true" signature="browserInitialization(java.lang.String)[pri:0, instance:testscript.LogoutTest@3e78b6a5]" started-at="2025-12-09T13:41:18 IST" name="browserInitialization" finished-at="2025-12-09T13:41:21 IST" duration-ms="3349" status="PASS">
          <params>
            <param index="0">
              <value>
                <![CDATA[Chrome]]>
              </value>
            </param>
          </params>
          <reporter-output>
          </reporter-output>
        </test-method> <!-- browserInitialization -->
        <test-method signature="verifyUserIsAbleToLogout()[pri:0, instance:testscript.LogoutTest@3e78b6a5]" started-at="2025-12-09T13:41:21 IST" name="verifyUserIsAbleToLogout" finished-at="2025-12-09T13:41:24 IST" duration-ms="2726" status="PASS">
          <reporter-output>
          </reporter-output>
        </test-method> <!-- verifyUserIsAbleToLogout -->
        <test-method is-config="true" signature="browserQuitAndClose(org.testng.ITestResult)[pri:0, instance:testscript.LogoutTest@3e78b6a5]" started-at="2025-12-09T13:41:24 IST" name="browserQuitAndClose" finished-at="2025-12-09T13:41:24 IST" duration-ms="1" status="PASS">
          <params>
            <param index="0">
              <value>
                <![CDATA[[TestResult name=verifyUserIsAbleToLogout status=SUCCESS method=LogoutTest.verifyUserIsAbleToLogout()[pri:0, instance:testscript.LogoutTest@3e78b6a5] output={null}]]]>
              </value>
            </param>
          </params>
          <reporter-output>
          </reporter-output>
        </test-method> <!-- browserQuitAndClose -->
      </class> <!-- testscript.LogoutTest -->
      <class name="testscript.LoginTest">
        <test-method is-config="true" signature="browserInitialization(java.lang.String)[pri:0, instance:testscript.LoginTest@60db1c0e]" started-at="2025-12-09T13:41:00 IST" name="browserInitialization" finished-at="2025-12-09T13:41:03 IST" duration-ms="3375" status="PASS">
          <params>
            <param index="0">
              <value>
                <![CDATA[Chrome]]>
              </value>
            </param>
          </params>
          <reporter-output>
          </reporter-output>
        </test-method> <!-- browserInitialization -->
        <test-method signature="verifyUserIsAbleToLoginUsingCorrectUsernameAndIncorrectPassword()[pri:0, instance:testscript.LoginTest@60db1c0e]" started-at="2025-12-09T13:41:03 IST" name="verifyUserIsAbleToLoginUsingCorrectUsernameAndIncorrectPassword" description="Used to verify the user with correct username and incorrect password" finished-at="2025-12-09T13:41:04 IST" duration-ms="761" status="PASS">
          <reporter-output>
          </reporter-output>
        </test-method> <!-- verifyUserIsAbleToLoginUsingCorrectUsernameAndIncorrectPassword -->
        <test-method is-config="true" signature="browserQuitAndClose(org.testng.ITestResult)[pri:0, instance:testscript.LoginTest@60db1c0e]" started-at="2025-12-09T13:41:04 IST" name="browserQuitAndClose" finished-at="2025-12-09T13:41:04 IST" duration-ms="2" status="PASS">
          <params>
            <param index="0">
              <value>
                <![CDATA[[TestResult name=verifyUserIsAbleToLoginUsingCorrectUsernameAndIncorrectPassword status=SUCCESS method=LoginTest.verifyUserIsAbleToLoginUsingCorrectUsernameAndIncorrectPassword()[pri:0, instance:testscript.LoginTest@60db1c0e] output={null}]]]>
              </value>
            </param>
          </params>
          <reporter-output>
          </reporter-output>
        </test-method> <!-- browserQuitAndClose -->
        <test-method is-config="true" signature="browserInitialization(java.lang.String)[pri:0, instance:testscript.LoginTest@60db1c0e]" started-at="2025-12-09T13:41:04 IST" name="browserInitialization" finished-at="2025-12-09T13:41:07 IST" duration-ms="2927" status="PASS">
          <params>
            <param index="0">
              <value>
                <![CDATA[Chrome]]>
              </value>
            </param>
          </params>
          <reporter-output>
          </reporter-output>
        </test-method> <!-- browserInitialization -->
        <test-method signature="verifyUserIsAbleToLoginUsingIncorrectUsernameAndIncorrectPassword()[pri:0, instance:testscript.LoginTest@60db1c0e]" started-at="2025-12-09T13:41:07 IST" name="verifyUserIsAbleToLoginUsingIncorrectUsernameAndIncorrectPassword" description="Used to verify the user with invalid credentials" finished-at="2025-12-09T13:41:08 IST" duration-ms="957" status="PASS">
          <reporter-output>
          </reporter-output>
        </test-method> <!-- verifyUserIsAbleToLoginUsingIncorrectUsernameAndIncorrectPassword -->
        <test-method is-config="true" signature="browserQuitAndClose(org.testng.ITestResult)[pri:0, instance:testscript.LoginTest@60db1c0e]" started-at="2025-12-09T13:41:08 IST" name="browserQuitAndClose" finished-at="2025-12-09T13:41:08 IST" duration-ms="1" status="PASS">
          <params>
            <param index="0">
              <value>
                <![CDATA[[TestResult name=verifyUserIsAbleToLoginUsingIncorrectUsernameAndIncorrectPassword status=SUCCESS method=LoginTest.verifyUserIsAbleToLoginUsingIncorrectUsernameAndIncorrectPassword()[pri:0, instance:testscript.LoginTest@60db1c0e] output={null}]]]>
              </value>
            </param>
          </params>
          <reporter-output>
          </reporter-output>
        </test-method> <!-- browserQuitAndClose -->
        <test-method is-config="true" signature="browserInitialization(java.lang.String)[pri:0, instance:testscript.LoginTest@60db1c0e]" started-at="2025-12-09T13:41:08 IST" name="browserInitialization" finished-at="2025-12-09T13:41:11 IST" duration-ms="3295" status="PASS">
          <params>
            <param index="0">
              <value>
                <![CDATA[Chrome]]>
              </value>
            </param>
          </params>
          <reporter-output>
          </reporter-output>
        </test-method> <!-- browserInitialization -->
        <test-method signature="verifyUserIsAbleToLoginUsingIncorrectUsernameAndcorrectPassword()[pri:0, instance:testscript.LoginTest@60db1c0e]" started-at="2025-12-09T13:41:11 IST" name="verifyUserIsAbleToLoginUsingIncorrectUsernameAndcorrectPassword" description="Used to verify the user with incorrect username and correct password" finished-at="2025-12-09T13:41:12 IST" duration-ms="764" status="PASS">
          <reporter-output>
          </reporter-output>
        </test-method> <!-- verifyUserIsAbleToLoginUsingIncorrectUsernameAndcorrectPassword -->
        <test-method is-config="true" signature="browserInitialization(java.lang.String)[pri:0, instance:testscript.LoginTest@60db1c0e]" started-at="2025-12-09T13:41:12 IST" name="browserInitialization" finished-at="2025-12-09T13:41:16 IST" duration-ms="4076" status="PASS">
          <params>
            <param index="0">
              <value>
                <![CDATA[Chrome]]>
              </value>
            </param>
          </params>
          <reporter-output>
          </reporter-output>
        </test-method> <!-- browserInitialization -->
        <test-method is-config="true" signature="browserQuitAndClose(org.testng.ITestResult)[pri:0, instance:testscript.LoginTest@60db1c0e]" started-at="2025-12-09T13:41:12 IST" name="browserQuitAndClose" finished-at="2025-12-09T13:41:12 IST" duration-ms="0" status="PASS">
          <params>
            <param index="0">
              <value>
                <![CDATA[[TestResult name=verifyUserIsAbleToLoginUsingIncorrectUsernameAndcorrectPassword status=SUCCESS method=LoginTest.verifyUserIsAbleToLoginUsingIncorrectUsernameAndcorrectPassword()[pri:0, instance:testscript.LoginTest@60db1c0e] output={null}]]]>
              </value>
            </param>
          </params>
          <reporter-output>
          </reporter-output>
        </test-method> <!-- browserQuitAndClose -->
        <test-method signature="verifyUserIsAbleToLoginUsingValidCredentials()[pri:0, instance:testscript.LoginTest@60db1c0e]" started-at="2025-12-09T13:41:16 IST" name="verifyUserIsAbleToLoginUsingValidCredentials" finished-at="2025-12-09T13:41:18 IST" duration-ms="1938" status="PASS">
          <reporter-output>
          </reporter-output>
        </test-method> <!-- verifyUserIsAbleToLoginUsingValidCredentials -->
        <test-method is-config="true" signature="browserQuitAndClose(org.testng.ITestResult)[pri:0, instance:testscript.LoginTest@60db1c0e]" started-at="2025-12-09T13:41:18 IST" name="browserQuitAndClose" finished-at="2025-12-09T13:41:18 IST" duration-ms="0" status="PASS">
          <params>
            <param index="0">
              <value>
                <![CDATA[[TestResult name=verifyUserIsAbleToLoginUsingValidCredentials status=SUCCESS method=LoginTest.verifyUserIsAbleToLoginUsingValidCredentials()[pri:0, instance:testscript.LoginTest@60db1c0e] output={null}]]]>
              </value>
            </param>
          </params>
          <reporter-output>
          </reporter-output>
        </test-method> <!-- browserQuitAndClose -->
      </class> <!-- testscript.LoginTest -->
      <class name="testscript.ManageCategoryTest">
        <test-method is-config="true" signature="browserInitialization(java.lang.String)[pri:0, instance:testscript.ManageCategoryTest@5dafbe45]" started-at="2025-12-09T13:40:21 IST" name="browserInitialization" finished-at="2025-12-09T13:40:28 IST" duration-ms="7958" status="PASS">
          <params>
            <param index="0">
              <value>
                <![CDATA[Chrome]]>
              </value>
            </param>
          </params>
          <reporter-output>
          </reporter-output>
        </test-method> <!-- browserInitialization -->
        <test-method signature="verifyUserIsAbleToAccessCategoryInformations()[pri:0, instance:testscript.ManageCategoryTest@5dafbe45]" started-at="2025-12-09T13:40:28 IST" name="verifyUserIsAbleToAccessCategoryInformations" finished-at="2025-12-09T13:40:32 IST" duration-ms="3852" status="FAIL">
          <exception class="java.lang.AssertionError">
            <message>
              <![CDATA[expected [true] but found [false]]]>
            </message>
            <full-stacktrace>
              <![CDATA[java.lang.AssertionError: expected [true] but found [false]
at org.testng.Assert.fail(Assert.java:111)
at org.testng.Assert.failNotEquals(Assert.java:1578)
at org.testng.Assert.assertTrue(Assert.java:57)
at org.testng.Assert.assertTrue(Assert.java:67)
at testscript.ManageCategoryTest.verifyUserIsAbleToAccessCategoryInformations(ManageCategoryTest.java:31)
at java.base/jdk.internal.reflect.DirectMethodHandleAccessor.invoke(DirectMethodHandleAccessor.java:103)
at java.base/java.lang.reflect.Method.invoke(Method.java:580)
at org.testng.internal.invokers.MethodInvocationHelper.invokeMethod(MethodInvocationHelper.java:141)
at org.testng.internal.invokers.TestInvoker.invokeMethod(TestInvoker.java:686)
at org.testng.internal.invokers.TestInvoker.invokeTestMethod(TestInvoker.java:230)
at org.testng.internal.invokers.MethodRunner.runInSequence(MethodRunner.java:63)
at org.testng.internal.invokers.TestInvoker$MethodInvocationAgent.invoke(TestInvoker.java:992)
at org.testng.internal.invokers.TestInvoker.invokeTestMethods(TestInvoker.java:203)
at org.testng.internal.invokers.TestMethodWorker.invokeTestMethods(TestMethodWorker.java:154)
at org.testng.internal.invokers.TestMethodWorker.run(TestMethodWorker.java:134)
at java.base/java.util.ArrayList.forEach(ArrayList.java:1596)
at org.testng.TestRunner.privateRun(TestRunner.java:739)
at org.testng.TestRunner.run(TestRunner.java:614)
at org.testng.SuiteRunner.runTest(SuiteRunner.java:421)
at org.testng.SuiteRunner.runSequentially(SuiteRunner.java:413)
at org.testng.SuiteRunner.privateRun(SuiteRunner.java:373)
at org.testng.SuiteRunner.run(SuiteRunner.java:312)
at org.testng.SuiteRunnerWorker.runSuite(SuiteRunnerWorker.java:52)
at org.testng.SuiteRunnerWorker.run(SuiteRunnerWorker.java:95)
at org.testng.TestNG.runSuitesSequentially(TestNG.java:1274)
at org.testng.TestNG.runSuitesLocally(TestNG.java:1208)
at org.testng.TestNG.runSuites(TestNG.java:1112)
at org.testng.TestNG.run(TestNG.java:1079)
at org.testng.remote.AbstractRemoteTestNG.run(AbstractRemoteTestNG.java:115)
at org.testng.remote.RemoteTestNG.initAndRun(RemoteTestNG.java:293)
at org.testng.remote.RemoteTestNG.main(RemoteTestNG.java:91)
]]>
            </full-stacktrace>
          </exception> <!-- java.lang.AssertionError -->
          <reporter-output>
          </reporter-output>
        </test-method> <!-- verifyUserIsAbleToAccessCategoryInformations -->
        <test-method is-config="true" signature="browserQuitAndClose(org.testng.ITestResult)[pri:0, instance:testscript.ManageCategoryTest@5dafbe45]" started-at="2025-12-09T13:40:32 IST" name="browserQuitAndClose" finished-at="2025-12-09T13:40:33 IST" duration-ms="503" status="PASS">
          <params>
            <param index="0">
              <value>
                <![CDATA[[TestResult name=verifyUserIsAbleToAccessCategoryInformations status=FAILURE method=ManageCategoryTest.verifyUserIsAbleToAccessCategoryInformations()[pri:0, instance:testscript.ManageCategoryTest@5dafbe45] output={null}]]]>
              </value>
            </param>
          </params>
          <reporter-output>
          </reporter-output>
        </test-method> <!-- browserQuitAndClose -->
      </class> <!-- testscript.ManageCategoryTest -->
    </test> <!-- Test -->
  </suite> <!-- Suite -->
</testng-results>
