<?xml version="1.0" encoding="UTF-8"?>
<testng-results ignored="0" total="2" passed="2" failed="0" skipped="0">
  <reporter-output>
  </reporter-output>
  <suite started-at="2025-12-09T12:23:57 IST" name="CrossBrowserTesting" finished-at="2025-12-09T12:24:27 IST" duration-ms="30351">
    <groups>
    </groups>
    <test started-at="2025-12-09T12:23:57 IST" name="Chrometest" finished-at="2025-12-09T12:24:11 IST" duration-ms="13514">
      <class name="testscript.AdminUsersTest">
        <test-method is-config="true" signature="browserInitialization(java.lang.String)[pri:0, instance:testscript.AdminUsersTest@55141def]" started-at="2025-12-09T12:23:57 IST" name="browserInitialization" finished-at="2025-12-09T12:24:04 IST" duration-ms="6741" status="PASS">
          <params>
            <param index="0">
              <value>
                <![CDATA[Chrome]]>
              </value>
            </param>
          </params>
          <reporter-output>
          </reporter-output>
        </test-method> <!-- browserInitialization -->
        <test-method signature="verifyUserIsAbleToEnterAdminUserInformations()[pri:0, instance:testscript.AdminUsersTest@55141def]" started-at="2025-12-09T12:24:04 IST" name="verifyUserIsAbleToEnterAdminUserInformations" finished-at="2025-12-09T12:24:11 IST" duration-ms="6703" status="PASS">
          <reporter-output>
          </reporter-output>
        </test-method> <!-- verifyUserIsAbleToEnterAdminUserInformations -->
        <test-method is-config="true" signature="browserQuitAndClose(org.testng.ITestResult)[pri:0, instance:testscript.AdminUsersTest@55141def]" started-at="2025-12-09T12:24:11 IST" name="browserQuitAndClose" finished-at="2025-12-09T12:24:11 IST" duration-ms="4" status="PASS">
          <params>
            <param index="0">
              <value>
                <![CDATA[[TestResult name=verifyUserIsAbleToEnterAdminUserInformations status=SUCCESS method=AdminUsersTest.verifyUserIsAbleToEnterAdminUserInformations()[pri:0, instance:testscript.AdminUsersTest@55141def] output={null}]]]>
              </value>
            </param>
          </params>
          <reporter-output>
          </reporter-output>
        </test-method> <!-- browserQuitAndClose -->
      </class> <!-- testscript.AdminUsersTest -->
    </test> <!-- Chrometest -->
    <test started-at="2025-12-09T12:24:11 IST" name="Firefoxtest" finished-at="2025-12-09T12:24:27 IST" duration-ms="16748">
      <class name="testscript.AdminUsersTest">
        <test-method is-config="true" signature="browserInitialization(java.lang.String)[pri:0, instance:testscript.AdminUsersTest@fbd1f6]" started-at="2025-12-09T12:24:11 IST" name="browserInitialization" finished-at="2025-12-09T12:24:24 IST" duration-ms="13479" status="PASS">
          <params>
            <param index="0">
              <value>
                <![CDATA[Firefox]]>
              </value>
            </param>
          </params>
          <reporter-output>
          </reporter-output>
        </test-method> <!-- browserInitialization -->
        <test-method signature="verifyUserIsAbleToEnterAdminUserInformations()[pri:0, instance:testscript.AdminUsersTest@fbd1f6]" started-at="2025-12-09T12:24:24 IST" name="verifyUserIsAbleToEnterAdminUserInformations" finished-at="2025-12-09T12:24:27 IST" duration-ms="3263" status="PASS">
          <reporter-output>
          </reporter-output>
        </test-method> <!-- verifyUserIsAbleToEnterAdminUserInformations -->
        <test-method is-config="true" signature="browserQuitAndClose(org.testng.ITestResult)[pri:0, instance:testscript.AdminUsersTest@fbd1f6]" started-at="2025-12-09T12:24:27 IST" name="browserQuitAndClose" finished-at="2025-12-09T12:24:27 IST" duration-ms="0" status="PASS">
          <params>
            <param index="0">
              <value>
                <![CDATA[[TestResult name=verifyUserIsAbleToEnterAdminUserInformations status=SUCCESS method=AdminUsersTest.verifyUserIsAbleToEnterAdminUserInformations()[pri:0, instance:testscript.AdminUsersTest@fbd1f6] output={null}]]]>
              </value>
            </param>
          </params>
          <reporter-output>
          </reporter-output>
        </test-method> <!-- browserQuitAndClose -->
      </class> <!-- testscript.AdminUsersTest -->
    </test> <!-- Firefoxtest -->
  </suite> <!-- CrossBrowserTesting -->
</testng-results>
